Thu Sep 07 2023 10:35:55 } [PH] error: 🐱‍🏍 globalErrorHandler ~~ 
Invalid `prisma.book.findMany()` invocation:

{
  where: {
    AND: [
      {
        OR: [
          {
            title: {
              lte: "250"
            }
          },
          {
            author: {
              lte: "250"
            }
          },
          {
            genre: {
              lte: "250"
            }
          },
          {
            price: {
              lte: "250"
            }
          }
        ]
      }
    ]
  },
  include: {
    category: true
  },
  skip: 0,
  take: 10,
  orderBy: {}
}

Argument `lte`: Invalid value provided. Expected Int or IntFieldRefInput, provided String.
Thu Sep 07 2023 10:36:23 } [PH] error: 🐱‍🏍 globalErrorHandler ~~ 
Invalid `prisma.book.findMany()` invocation:

{
  where: {
    AND: [
      {
        OR: [
          {
            title: {
              lte: "250",
              mode: "insensitive"
            }
          },
          {
            author: {
              lte: "250",
              mode: "insensitive"
            }
          },
          {
            genre: {
              lte: "250",
              mode: "insensitive"
            }
          },
          {
            price: {
              lte: "250",
              mode: "insensitive"
            }
          }
        ]
      }
    ]
  },
  include: {
    category: true
  },
  skip: 0,
  take: 10,
  orderBy: {}
}

Argument `lte`: Invalid value provided. Expected Int or IntFieldRefInput, provided String.
Thu Sep 07 2023 10:38:8 } [PH] error: 🐱‍🏍 globalErrorHandler ~~ 
Invalid `prisma.book.findMany()` invocation:

{
  where: {
    AND: [
      {
        OR: [
          {
            title: {
              lte: "250",
              mode: "insensitive"
            }
          },
          {
            author: {
              lte: "250",
              mode: "insensitive"
            }
          },
          {
            genre: {
              lte: "250",
              mode: "insensitive"
            }
          },
          {
            price: {
              lte: "250",
              mode: "insensitive"
            }
          }
        ]
      }
    ]
  },
  include: {
    category: true
  },
  skip: 0,
  take: 10,
  orderBy: {}
}

Argument `lte`: Invalid value provided. Expected Int or IntFieldRefInput, provided String.
Thu Sep 07 2023 10:39:1 } [PH] error: 🐱‍🏍 globalErrorHandler ~~ 
Invalid `prisma.book.findMany()` invocation:

{
  where: {
    AND: [
      {
        OR: [
          {
            price: {
              lte: "250",
              mode: "insensitive"
            }
          }
        ]
      }
    ]
  },
  include: {
    category: true
  },
  skip: 0,
  take: 10,
  orderBy: {}
}

Argument `lte`: Invalid value provided. Expected Int or IntFieldRefInput, provided String.
Thu Sep 07 2023 10:39:21 } [PH] error: 🐱‍🏍 globalErrorHandler ~~ 
Invalid `prisma.book.findMany()` invocation:

{
  where: {
    AND: [
      {
        OR: [
          {
            price: {
              lte: "250",
              mode: "insensitive"
            }
          }
        ]
      }
    ]
  },
  include: {
    category: true
  },
  skip: 0,
  take: 10,
  orderBy: {}
}

Argument `lte`: Invalid value provided. Expected Int or IntFieldRefInput, provided String.
Thu Sep 07 2023 10:39:24 } [PH] error: 🐱‍🏍 globalErrorHandler ~~ 
Invalid `prisma.book.findMany()` invocation:

{
  where: {
    AND: [
      {
        OR: [
          {
            price: {
              lte: "250",
              mode: "insensitive"
            }
          }
        ]
      }
    ]
  },
  include: {
    category: true
  },
  skip: 0,
  take: 10,
  orderBy: {}
}

Argument `lte`: Invalid value provided. Expected Int or IntFieldRefInput, provided String.
Thu Sep 07 2023 10:39:43 } [PH] error: 🐱‍🏍 globalErrorHandler ~~ 
Invalid `prisma.book.findMany()` invocation:

{
  where: {
    AND: [
      {
        OR: [
          {
            price: {
              $lte: "250",
              mode: "insensitive"
            }
          }
        ]
      }
    ]
  },
  include: {
    category: true
  },
  skip: 0,
  take: 10,
  orderBy: {}
}

Unknown argument `$lte`. Did you mean `lte`? Available options are listed in green.
Thu Sep 07 2023 10:39:59 } [PH] error: 🐱‍🏍 globalErrorHandler ~~ 
Invalid `prisma.book.findMany()` invocation:

{
  where: {
    AND: [
      {
        OR: [
          {
            price: {
              lte: "250"
            }
          }
        ]
      }
    ]
  },
  include: {
    category: true
  },
  skip: 0,
  take: 10,
  orderBy: {}
}

Argument `lte`: Invalid value provided. Expected Int or IntFieldRefInput, provided String.
Thu Sep 07 2023 10:45:51 } [PH] error: 🐱‍🏍 globalErrorHandler ~~ 
Invalid `prisma.book.findMany()` invocation:

{
  where: {
    AND: [
      {
        OR: [
          {
            title: {
              gte: "250",
              mode: "insensitive"
            }
          },
          {
            author: {
              gte: "250",
              mode: "insensitive"
            }
          },
          {
            genre: {
              gte: "250",
              mode: "insensitive"
            }
          },
          {
            price: {
              gte: "250",
              mode: "insensitive"
            }
          }
        ]
      }
    ]
  },
  include: {
    category: true
  },
  skip: 0,
  take: 10,
  orderBy: {}
}

Argument `gte`: Invalid value provided. Expected Int or IntFieldRefInput, provided String.
Thu Sep 07 2023 10:46:0 } [PH] error: 🐱‍🏍 globalErrorHandler ~~ 
Invalid `prisma.book.findMany()` invocation:

{
  where: {
    AND: [
      {
        OR: [
          {
            title: {
              gte: "255",
              mode: "insensitive"
            }
          },
          {
            author: {
              gte: "255",
              mode: "insensitive"
            }
          },
          {
            genre: {
              gte: "255",
              mode: "insensitive"
            }
          },
          {
            price: {
              gte: "255",
              mode: "insensitive"
            }
          }
        ]
      }
    ]
  },
  include: {
    category: true
  },
  skip: 0,
  take: 10,
  orderBy: {}
}

Argument `gte`: Invalid value provided. Expected Int or IntFieldRefInput, provided String.
Thu Sep 07 2023 10:48:57 } [PH] error: 🐱‍🏍 globalErrorHandler ~~ 
Invalid `prisma.book.findMany()` invocation:

{
  where: {
    AND: [
      {
        OR: [
          {
            title: {
              gte: "255",
              mode: "insensitive"
            }
          },
          {
            author: {
              gte: "255",
              mode: "insensitive"
            }
          },
          {
            genre: {
              gte: "255",
              mode: "insensitive"
            }
          },
          {
            price: {
              gte: "255",
              mode: "insensitive"
            }
          }
        ]
      }
    ]
  },
  include: {
    category: true
  },
  skip: 0,
  take: 10,
  orderBy: {}
}

Argument `gte`: Invalid value provided. Expected Int or IntFieldRefInput, provided String.
Thu Sep 07 2023 10:53:40 } [PH] error: 🐱‍🏍 globalErrorHandler ~~ 
Invalid `prisma.book.findMany()` invocation:

{
  where: {
    AND: [
      {
        OR: [
          {
            title: {
              gte: "255",
              mode: "insensitive"
            }
          },
          {
            author: {
              gte: "255",
              mode: "insensitive"
            }
          },
          {
            genre: {
              gte: "255",
              mode: "insensitive"
            }
          },
          {
            price: {
              gte: "255",
              mode: "insensitive"
            }
          }
        ]
      }
    ]
  },
  include: {
    category: true
  },
  skip: 0,
  take: 10,
  orderBy: {}
}

Argument `gte`: Invalid value provided. Expected Int or IntFieldRefInput, provided String.
Thu Sep 07 2023 10:54:12 } [PH] error: 🐱‍🏍 globalErrorHandler ~~ 
Invalid `prisma.book.findMany()` invocation:

{
  where: {
    AND: [
      {
        OR: [
          {
            title: {
              gte: "255",
              mode: "insensitive"
            }
          },
          {
            author: {
              gte: "255",
              mode: "insensitive"
            }
          },
          {
            genre: {
              gte: "255",
              mode: "insensitive"
            }
          },
          {
            price: {
              gte: "255",
              mode: "insensitive"
            }
          }
        ]
      }
    ]
  },
  include: {
    category: true
  },
  skip: 0,
  take: 10,
  orderBy: {}
}

Argument `gte`: Invalid value provided. Expected Int or IntFieldRefInput, provided String.
Thu Sep 07 2023 10:55:19 } [PH] error: 🐱‍🏍 globalErrorHandler ~~ 
Invalid `prisma.book.findMany()` invocation:

{
  where: {
    AND: [
      {
        OR: [
          {
            title: {
              gte: 255,
              mode: "insensitive"
            }
          },
          {
            author: {
              gte: 255,
              mode: "insensitive"
            }
          },
          {
            genre: {
              gte: 255,
              mode: "insensitive"
            }
          },
          {
            price: {
              gte: 255,
              mode: "insensitive"
            }
          }
        ]
      }
    ]
  },
  include: {
    category: true
  },
  skip: 0,
  take: 10,
  orderBy: {}
}

Argument `gte`: Invalid value provided. Expected String or StringFieldRefInput, provided Int.
Thu Sep 07 2023 10:55:36 } [PH] error: 🐱‍🏍 globalErrorHandler ~~ 
Invalid `prisma.book.findMany()` invocation:

{
  where: {
    AND: [
      {
        OR: [
          {
            title: {
              gte: 255,
              mode: "insensitive"
            }
          },
          {
            author: {
              gte: 255,
              mode: "insensitive"
            }
          },
          {
            genre: {
              gte: 255,
              mode: "insensitive"
            }
          },
          {
            price: {
              gte: 255,
              mode: "insensitive"
            }
          }
        ]
      }
    ]
  },
  include: {
    category: true
  },
  skip: 0,
  take: 10,
  orderBy: {}
}

Argument `gte`: Invalid value provided. Expected String or StringFieldRefInput, provided Int.
Thu Sep 07 2023 10:55:47 } [PH] error: 🐱‍🏍 globalErrorHandler ~~ 
Invalid `prisma.book.findMany()` invocation:

{
  where: {
    AND: [
      {
        OR: [
          {
            title: {
              gte: 250,
              mode: "insensitive"
            }
          },
          {
            author: {
              gte: 250,
              mode: "insensitive"
            }
          },
          {
            genre: {
              gte: 250,
              mode: "insensitive"
            }
          },
          {
            price: {
              gte: 250,
              mode: "insensitive"
            }
          }
        ]
      }
    ]
  },
  include: {
    category: true
  },
  skip: 0,
  take: 10,
  orderBy: {}
}

Argument `gte`: Invalid value provided. Expected String or StringFieldRefInput, provided Int.
Thu Sep 07 2023 10:56:44 } [PH] error: 🐱‍🏍 globalErrorHandler ~~ 
Invalid `prisma.book.findMany()` invocation:

{
  where: {
    AND: [
      {
        OR: [
          {
            title: {
              gte: 250,
              mode: "insensitive"
            }
          },
          {
            author: {
              gte: 250,
              mode: "insensitive"
            }
          },
          {
            genre: {
              gte: 250,
              mode: "insensitive"
            }
          },
          {
            price: {
              gte: 250,
              mode: "insensitive"
            }
          }
        ]
      }
    ]
  },
  include: {
    category: true
  },
  skip: 0,
  take: 10,
  orderBy: {}
}

Argument `gte`: Invalid value provided. Expected String or StringFieldRefInput, provided Int.
Thu Sep 07 2023 10:57:56 } [PH] error: 🐱‍🏍 globalErrorHandler ~~ 
Invalid `prisma.book.findMany()` invocation:

{
  where: {
    AND: [
      {
        OR: [
          {
            title: {
              gte: "250",
              mode: "insensitive"
            }
          },
          {
            author: {
              gte: "250",
              mode: "insensitive"
            }
          },
          {
            genre: {
              gte: "250",
              mode: "insensitive"
            }
          },
          {
            price: {
              gte: "250",
              mode: "insensitive"
            }
          }
        ]
      }
    ]
  },
  include: {
    category: true
  },
  skip: 0,
  take: 10,
  orderBy: {}
}

Argument `gte`: Invalid value provided. Expected Int or IntFieldRefInput, provided String.
